This file contains any messages produced by compilers while
running configure, to aid debugging if configure makes a mistake.

It was created by CPVEF configure 1.0, which was
generated by GNU Autoconf 2.69.  Invocation command line was

  $ ./configure 

## --------- ##
## Platform. ##
## --------- ##

hostname = Atom
uname -m = x86_64
uname -r = 4.4.0-101-generic
uname -s = Linux
uname -v = #124-Ubuntu SMP Fri Nov 10 18:29:59 UTC 2017

/usr/bin/uname -p = unknown
/bin/uname -X     = unknown

/bin/arch              = unknown
/usr/bin/arch -k       = unknown
/usr/convex/getsysinfo = unknown
/usr/bin/hostinfo      = unknown
/bin/machine           = unknown
/usr/bin/oslevel       = unknown
/bin/universe          = unknown

PATH: /usr/local/tecplot/360ex_2017r2/bin
PATH: /home/tuk59/bin
PATH: /home/tuk59/.local/bin
PATH: /usr/local/sbin
PATH: /usr/local/bin
PATH: /usr/sbin
PATH: /usr/bin
PATH: /sbin
PATH: /bin
PATH: /usr/games
PATH: /usr/local/games
PATH: /snap/bin


## ----------- ##
## Core tests. ##
## ----------- ##

configure:2250: checking for a BSD-compatible install
configure:2318: result: /usr/bin/install -c
configure:2329: checking whether build environment is sane
configure:2384: result: yes
configure:2535: checking for a thread-safe mkdir -p
configure:2574: result: /bin/mkdir -p
configure:2581: checking for gawk
configure:2611: result: no
configure:2581: checking for mawk
configure:2597: found /usr/bin/mawk
configure:2608: result: mawk
configure:2619: checking whether make sets $(MAKE)
configure:2641: result: yes
configure:2670: checking whether make supports nested variables
configure:2687: result: yes
configure:2962: checking that generated files are newer than configure
configure:2968: result: done
configure:2976: creating ./config.status

## ---------------------- ##
## Running config.status. ##
## ---------------------- ##

This file was extended by CPVEF config.status 1.0, which was
generated by GNU Autoconf 2.69.  Invocation command line was

  CONFIG_FILES    = 
  CONFIG_HEADERS  = 
  CONFIG_LINKS    = 
  CONFIG_COMMANDS = 
  $ ./config.status 

on Atom

config.status:772: creating src/Makefile
config.status:772: creating Makefile
configure:4058: checking for g++
configure:4074: found /usr/bin/g++
configure:4085: result: g++
configure:4112: checking for C++ compiler version
configure:4121: g++ --version >&5
g++ (Ubuntu 5.4.0-6ubuntu1~16.04.5) 5.4.0 20160609
Copyright (C) 2015 Free Software Foundation, Inc.
This is free software; see the source for copying conditions.  There is NO
warranty; not even for MERCHANTABILITY or FITNESS FOR A PARTICULAR PURPOSE.

configure:4132: $? = 0
configure:4121: g++ -v >&5
Using built-in specs.
COLLECT_GCC=g++
COLLECT_LTO_WRAPPER=/usr/lib/gcc/x86_64-linux-gnu/5/lto-wrapper
Target: x86_64-linux-gnu
Configured with: ../src/configure -v --with-pkgversion='Ubuntu 5.4.0-6ubuntu1~16.04.5' --with-bugurl=file:///usr/share/doc/gcc-5/README.Bugs --enable-languages=c,ada,c++,java,go,d,fortran,objc,obj-c++ --prefix=/usr --program-suffix=-5 --enable-shared --enable-linker-build-id --libexecdir=/usr/lib --without-included-gettext --enable-threads=posix --libdir=/usr/lib --enable-nls --with-sysroot=/ --enable-clocale=gnu --enable-libstdcxx-debug --enable-libstdcxx-time=yes --with-default-libstdcxx-abi=new --enable-gnu-unique-object --disable-vtable-verify --enable-libmpx --enable-plugin --with-system-zlib --disable-browser-plugin --enable-java-awt=gtk --enable-gtk-cairo --with-java-home=/usr/lib/jvm/java-1.5.0-gcj-5-amd64/jre --enable-java-home --with-jvm-root-dir=/usr/lib/jvm/java-1.5.0-gcj-5-amd64 --with-jvm-jar-dir=/usr/lib/jvm-exports/java-1.5.0-gcj-5-amd64 --with-arch-directory=amd64 --with-ecj-jar=/usr/share/java/eclipse-ecj.jar --enable-objc-gc --enable-multiarch --disable-werror --with-arch-32=i686 --with-abi=m64 --with-multilib-list=m32,m64,mx32 --enable-multilib --with-tune=generic --enable-checking=release --build=x86_64-linux-gnu --host=x86_64-linux-gnu --target=x86_64-linux-gnu
Thread model: posix
gcc version 5.4.0 20160609 (Ubuntu 5.4.0-6ubuntu1~16.04.5) 
configure:4132: $? = 0
configure:4121: g++ -V >&5
g++: error: unrecognized command line option '-V'
g++: fatal error: no input files
compilation terminated.
configure:4132: $? = 1
configure:4121: g++ -qversion >&5
g++: error: unrecognized command line option '-qversion'
g++: fatal error: no input files
compilation terminated.
configure:4132: $? = 1
configure:4152: checking whether the C++ compiler works
configure:4174: g++    conftest.cpp  >&5
configure:4178: $? = 0
configure:4226: result: yes
configure:4229: checking for C++ compiler default output file name
configure:4231: result: a.out
configure:4237: checking for suffix of executables
configure:4244: g++ -o conftest    conftest.cpp  >&5
configure:4248: $? = 0
configure:4270: result: 
configure:4292: checking whether we are cross compiling
configure:4300: g++ -o conftest    conftest.cpp  >&5
configure:4304: $? = 0
configure:4311: ./conftest
configure:4315: $? = 0
configure:4330: result: no
configure:4335: checking for suffix of object files
configure:4357: g++ -c   conftest.cpp >&5
configure:4361: $? = 0
configure:4382: result: o
configure:4386: checking whether we are using the GNU C++ compiler
configure:4405: g++ -c   conftest.cpp >&5
configure:4405: $? = 0
configure:4414: result: yes
configure:4423: checking whether g++ accepts -g
configure:4443: g++ -c -g  conftest.cpp >&5
configure:4443: $? = 0
configure:4484: result: yes
configure:4518: checking for style of include used by make
configure:4546: result: GNU
configure:4572: checking dependency style of g++
configure:4683: result: gcc3
configure:4746: checking for gcc
configure:4762: found /usr/bin/gcc
configure:4773: result: gcc
configure:5002: checking for C compiler version
configure:5011: gcc --version >&5
gcc (Ubuntu 5.4.0-6ubuntu1~16.04.5) 5.4.0 20160609
Copyright (C) 2015 Free Software Foundation, Inc.
This is free software; see the source for copying conditions.  There is NO
warranty; not even for MERCHANTABILITY or FITNESS FOR A PARTICULAR PURPOSE.

configure:5022: $? = 0
configure:5011: gcc -v >&5
Using built-in specs.
COLLECT_GCC=gcc
COLLECT_LTO_WRAPPER=/usr/lib/gcc/x86_64-linux-gnu/5/lto-wrapper
Target: x86_64-linux-gnu
Configured with: ../src/configure -v --with-pkgversion='Ubuntu 5.4.0-6ubuntu1~16.04.5' --with-bugurl=file:///usr/share/doc/gcc-5/README.Bugs --enable-languages=c,ada,c++,java,go,d,fortran,objc,obj-c++ --prefix=/usr --program-suffix=-5 --enable-shared --enable-linker-build-id --libexecdir=/usr/lib --without-included-gettext --enable-threads=posix --libdir=/usr/lib --enable-nls --with-sysroot=/ --enable-clocale=gnu --enable-libstdcxx-debug --enable-libstdcxx-time=yes --with-default-libstdcxx-abi=new --enable-gnu-unique-object --disable-vtable-verify --enable-libmpx --enable-plugin --with-system-zlib --disable-browser-plugin --enable-java-awt=gtk --enable-gtk-cairo --with-java-home=/usr/lib/jvm/java-1.5.0-gcj-5-amd64/jre --enable-java-home --with-jvm-root-dir=/usr/lib/jvm/java-1.5.0-gcj-5-amd64 --with-jvm-jar-dir=/usr/lib/jvm-exports/java-1.5.0-gcj-5-amd64 --with-arch-directory=amd64 --with-ecj-jar=/usr/share/java/eclipse-ecj.jar --enable-objc-gc --enable-multiarch --disable-werror --with-arch-32=i686 --with-abi=m64 --with-multilib-list=m32,m64,mx32 --enable-multilib --with-tune=generic --enable-checking=release --build=x86_64-linux-gnu --host=x86_64-linux-gnu --target=x86_64-linux-gnu
Thread model: posix
gcc version 5.4.0 20160609 (Ubuntu 5.4.0-6ubuntu1~16.04.5) 
configure:5022: $? = 0
configure:5011: gcc -V >&5
gcc: error: unrecognized command line option '-V'
gcc: fatal error: no input files
compilation terminated.
configure:5022: $? = 1
configure:5011: gcc -qversion >&5
gcc: error: unrecognized command line option '-qversion'
gcc: fatal error: no input files
compilation terminated.
configure:5022: $? = 1
configure:5026: checking whether we are using the GNU C compiler
configure:5045: gcc -c   conftest.c >&5
configure:5045: $? = 0
configure:5054: result: yes
configure:5063: checking whether gcc accepts -g
configure:5083: gcc -c -g  conftest.c >&5
configure:5083: $? = 0
configure:5124: result: yes
configure:5141: checking for gcc option to accept ISO C89
configure:5204: gcc  -c -g -O2  conftest.c >&5
configure:5204: $? = 0
configure:5217: result: none needed
configure:5242: checking whether gcc understands -c and -o together
configure:5264: gcc -c conftest.c -o conftest2.o
configure:5267: $? = 0
configure:5264: gcc -c conftest.c -o conftest2.o
configure:5267: $? = 0
configure:5279: result: yes
configure:5298: checking dependency style of gcc
configure:5409: result: gcc3
configure:5428: checking for main in -lcunit
configure:5447: gcc -o conftest -g -O2   conftest.c -lcunit   >&5
configure:5447: $? = 0
configure:5456: result: yes
configure:5468: checking for main in -lgrvy
configure:5487: gcc -o conftest -g -O2   conftest.c -lgrvy  -lcunit  >&5
/usr/bin/ld: cannot find -lgrvy
collect2: error: ld returned 1 exit status
configure:5487: $? = 1
configure: failed program was:
| /* confdefs.h */
| #define PACKAGE_NAME "CPVEF"
| #define PACKAGE_TARNAME "cpvef"
| #define PACKAGE_VERSION "1.0"
| #define PACKAGE_STRING "CPVEF 1.0"
| #define PACKAGE_BUGREPORT "tukulkarni@utexas.edu"
| #define PACKAGE_URL ""
| #define PACKAGE "cpvef"
| #define VERSION "1.0"
| #define HAVE_LIBCUNIT 1
| /* end confdefs.h.  */
| 
| 
| int
| main ()
| {
| return main ();
|   ;
|   return 0;
| }
configure:5496: result: no
configure:5508: checking for main in -lgsl
configure:5527: gcc -o conftest -g -O2   conftest.c -lgsl  -lcunit  >&5
configure:5527: $? = 0
configure:5536: result: yes
configure:5548: checking for main in -lgslcblas
configure:5567: gcc -o conftest -g -O2   conftest.c -lgslcblas  -lgsl -lcunit  >&5
configure:5567: $? = 0
configure:5576: result: yes
configure:5588: checking for main in -lm
configure:5607: gcc -o conftest -g -O2   conftest.c -lm  -lgslcblas -lgsl -lcunit  >&5
configure:5607: $? = 0
configure:5616: result: yes
configure:5634: checking how to run the C preprocessor
configure:5665: gcc -E  conftest.c
configure:5665: $? = 0
configure:5679: gcc -E  conftest.c
conftest.c:15:28: fatal error: ac_nonexistent.h: No such file or directory
compilation terminated.
configure:5679: $? = 1
configure: failed program was:
| /* confdefs.h */
| #define PACKAGE_NAME "CPVEF"
| #define PACKAGE_TARNAME "cpvef"
| #define PACKAGE_VERSION "1.0"
| #define PACKAGE_STRING "CPVEF 1.0"
| #define PACKAGE_BUGREPORT "tukulkarni@utexas.edu"
| #define PACKAGE_URL ""
| #define PACKAGE "cpvef"
| #define VERSION "1.0"
| #define HAVE_LIBCUNIT 1
| #define HAVE_LIBGSL 1
| #define HAVE_LIBGSLCBLAS 1
| #define HAVE_LIBM 1
| /* end confdefs.h.  */
| #include <ac_nonexistent.h>
configure:5704: result: gcc -E
configure:5724: gcc -E  conftest.c
configure:5724: $? = 0
configure:5738: gcc -E  conftest.c
conftest.c:15:28: fatal error: ac_nonexistent.h: No such file or directory
compilation terminated.
configure:5738: $? = 1
configure: failed program was:
| /* confdefs.h */
| #define PACKAGE_NAME "CPVEF"
| #define PACKAGE_TARNAME "cpvef"
| #define PACKAGE_VERSION "1.0"
| #define PACKAGE_STRING "CPVEF 1.0"
| #define PACKAGE_BUGREPORT "tukulkarni@utexas.edu"
| #define PACKAGE_URL ""
| #define PACKAGE "cpvef"
| #define VERSION "1.0"
| #define HAVE_LIBCUNIT 1
| #define HAVE_LIBGSL 1
| #define HAVE_LIBGSLCBLAS 1
| #define HAVE_LIBM 1
| /* end confdefs.h.  */
| #include <ac_nonexistent.h>
configure:5767: checking for grep that handles long lines and -e
configure:5825: result: /bin/grep
configure:5830: checking for egrep
configure:5892: result: /bin/grep -E
configure:5897: checking for ANSI C header files
configure:5917: gcc -c -g -O2  conftest.c >&5
configure:5917: $? = 0
configure:5990: gcc -o conftest -g -O2   conftest.c -lm -lgslcblas -lgsl -lcunit  >&5
configure:5990: $? = 0
configure:5990: ./conftest
configure:5990: $? = 0
configure:6001: result: yes
configure:6014: checking for sys/types.h
configure:6014: gcc -c -g -O2  conftest.c >&5
configure:6014: $? = 0
configure:6014: result: yes
configure:6014: checking for sys/stat.h
configure:6014: gcc -c -g -O2  conftest.c >&5
configure:6014: $? = 0
configure:6014: result: yes
configure:6014: checking for stdlib.h
configure:6014: gcc -c -g -O2  conftest.c >&5
configure:6014: $? = 0
configure:6014: result: yes
configure:6014: checking for string.h
configure:6014: gcc -c -g -O2  conftest.c >&5
configure:6014: $? = 0
configure:6014: result: yes
configure:6014: checking for memory.h
configure:6014: gcc -c -g -O2  conftest.c >&5
configure:6014: $? = 0
configure:6014: result: yes
configure:6014: checking for strings.h
configure:6014: gcc -c -g -O2  conftest.c >&5
configure:6014: $? = 0
configure:6014: result: yes
configure:6014: checking for inttypes.h
configure:6014: gcc -c -g -O2  conftest.c >&5
configure:6014: $? = 0
configure:6014: result: yes
configure:6014: checking for stdint.h
configure:6014: gcc -c -g -O2  conftest.c >&5
configure:6014: $? = 0
configure:6014: result: yes
configure:6014: checking for unistd.h
configure:6014: gcc -c -g -O2  conftest.c >&5
configure:6014: $? = 0
configure:6014: result: yes
configure:6029: checking for stdlib.h
configure:6029: result: yes
configure:6029: checking for string.h
configure:6029: result: yes
configure:6045: checking for strcasecmp
configure:6045: gcc -o conftest -g -O2   conftest.c -lm -lgslcblas -lgsl -lcunit  >&5
conftest.c:50:6: warning: conflicting types for built-in function 'strcasecmp'
 char strcasecmp ();
      ^
configure:6045: $? = 0
configure:6045: result: yes
configure:6163: checking that generated files are newer than configure
configure:6169: result: done
configure:6196: creating ./config.status

## ---------------------- ##
## Running config.status. ##
## ---------------------- ##

This file was extended by CPVEF config.status 1.0, which was
generated by GNU Autoconf 2.69.  Invocation command line was

  CONFIG_FILES    = 
  CONFIG_HEADERS  = 
  CONFIG_LINKS    = 
  CONFIG_COMMANDS = 
  $ ./config.status 

on Atom

config.status:867: creating src/Makefile
config.status:867: creating Makefile
config.status:867: creating config.h
config.status:1048: config.h is unchanged
config.status:1096: executing depfiles commands

## ---------------- ##
## Cache variables. ##
## ---------------- ##

ac_cv_c_compiler_gnu=yes
ac_cv_cxx_compiler_gnu=yes
ac_cv_env_CCC_set=
ac_cv_env_CCC_value=
ac_cv_env_CC_set=
ac_cv_env_CC_value=
ac_cv_env_CFLAGS_set=
ac_cv_env_CFLAGS_value=
ac_cv_env_CPPFLAGS_set=
ac_cv_env_CPPFLAGS_value=
ac_cv_env_CPP_set=
ac_cv_env_CPP_value=
ac_cv_env_CXXFLAGS_set=
ac_cv_env_CXXFLAGS_value=
ac_cv_env_CXX_set=
ac_cv_env_CXX_value=
ac_cv_env_LDFLAGS_set=
ac_cv_env_LDFLAGS_value=
ac_cv_env_LIBS_set=
ac_cv_env_LIBS_value=
ac_cv_env_build_alias_set=
ac_cv_env_build_alias_value=
ac_cv_env_host_alias_set=
ac_cv_env_host_alias_value=
ac_cv_env_target_alias_set=
ac_cv_env_target_alias_value=
ac_cv_func_strcasecmp=yes
ac_cv_header_inttypes_h=yes
ac_cv_header_memory_h=yes
ac_cv_header_stdc=yes
ac_cv_header_stdint_h=yes
ac_cv_header_stdlib_h=yes
ac_cv_header_string_h=yes
ac_cv_header_strings_h=yes
ac_cv_header_sys_stat_h=yes
ac_cv_header_sys_types_h=yes
ac_cv_header_unistd_h=yes
ac_cv_lib_cunit_main=yes
ac_cv_lib_grvy_main=no
ac_cv_lib_gsl_main=yes
ac_cv_lib_gslcblas_main=yes
ac_cv_lib_m_main=yes
ac_cv_objext=o
ac_cv_path_EGREP='/bin/grep -E'
ac_cv_path_GREP=/bin/grep
ac_cv_path_install='/usr/bin/install -c'
ac_cv_path_mkdir=/bin/mkdir
ac_cv_prog_AWK=mawk
ac_cv_prog_CPP='gcc -E'
ac_cv_prog_ac_ct_CC=gcc
ac_cv_prog_ac_ct_CXX=g++
ac_cv_prog_cc_c89=
ac_cv_prog_cc_g=yes
ac_cv_prog_cxx_g=yes
ac_cv_prog_make_make_set=yes
am_cv_CC_dependencies_compiler_type=gcc3
am_cv_CXX_dependencies_compiler_type=gcc3
am_cv_make_support_nested_variables=yes
am_cv_prog_cc_c_o=yes

## ----------------- ##
## Output variables. ##
## ----------------- ##

ACLOCAL='${SHELL} /home/tuk59/Documents/GradSchool/Fall_17/Tools_and_Techniques/project/missing aclocal-1.15'
AMDEPBACKSLASH='\'
AMDEP_FALSE='#'
AMDEP_TRUE=''
AMTAR='$${TAR-tar}'
AM_BACKSLASH='\'
AM_DEFAULT_V='$(AM_DEFAULT_VERBOSITY)'
AM_DEFAULT_VERBOSITY='1'
AM_V='$(V)'
AUTOCONF='${SHELL} /home/tuk59/Documents/GradSchool/Fall_17/Tools_and_Techniques/project/missing autoconf'
AUTOHEADER='${SHELL} /home/tuk59/Documents/GradSchool/Fall_17/Tools_and_Techniques/project/missing autoheader'
AUTOMAKE='${SHELL} /home/tuk59/Documents/GradSchool/Fall_17/Tools_and_Techniques/project/missing automake-1.15'
AWK='mawk'
CC='gcc'
CCDEPMODE='depmode=gcc3'
CFLAGS='-g -O2'
CPP='gcc -E'
CPPFLAGS=''
CXX='g++'
CXXDEPMODE='depmode=gcc3'
CXXFLAGS='-g -O2'
CYGPATH_W='echo'
DEFS='-DHAVE_CONFIG_H'
DEPDIR='.deps'
ECHO_C=''
ECHO_N='-n'
ECHO_T=''
EGREP='/bin/grep -E'
EXEEXT=''
GREP='/bin/grep'
INSTALL_DATA='${INSTALL} -m 644'
INSTALL_PROGRAM='${INSTALL}'
INSTALL_SCRIPT='${INSTALL}'
INSTALL_STRIP_PROGRAM='$(install_sh) -c -s'
LDFLAGS=''
LIBOBJS=''
LIBS='-lm -lgslcblas -lgsl -lcunit '
LTLIBOBJS=''
MAKEINFO='${SHELL} /home/tuk59/Documents/GradSchool/Fall_17/Tools_and_Techniques/project/missing makeinfo'
MKDIR_P='/bin/mkdir -p'
OBJEXT='o'
PACKAGE='cpvef'
PACKAGE_BUGREPORT='tukulkarni@utexas.edu'
PACKAGE_NAME='CPVEF'
PACKAGE_STRING='CPVEF 1.0'
PACKAGE_TARNAME='cpvef'
PACKAGE_URL=''
PACKAGE_VERSION='1.0'
PATH_SEPARATOR=':'
SET_MAKE=''
SHELL='/bin/bash'
STRIP=''
VERSION='1.0'
ac_ct_CC='gcc'
ac_ct_CXX='g++'
am__EXEEXT_FALSE=''
am__EXEEXT_TRUE='#'
am__fastdepCC_FALSE='#'
am__fastdepCC_TRUE=''
am__fastdepCXX_FALSE='#'
am__fastdepCXX_TRUE=''
am__include='include'
am__isrc=''
am__leading_dot='.'
am__nodep='_no'
am__quote=''
am__tar='$${TAR-tar} chof - "$$tardir"'
am__untar='$${TAR-tar} xf -'
bindir='${exec_prefix}/bin'
build_alias=''
datadir='${datarootdir}'
datarootdir='${prefix}/share'
docdir='${datarootdir}/doc/${PACKAGE_TARNAME}'
dvidir='${docdir}'
exec_prefix='${prefix}'
host_alias=''
htmldir='${docdir}'
includedir='${prefix}/include'
infodir='${datarootdir}/info'
install_sh='${SHELL} /home/tuk59/Documents/GradSchool/Fall_17/Tools_and_Techniques/project/install-sh'
libdir='${exec_prefix}/lib'
libexecdir='${exec_prefix}/libexec'
localedir='${datarootdir}/locale'
localstatedir='${prefix}/var'
mandir='${datarootdir}/man'
mkdir_p='$(MKDIR_P)'
oldincludedir='/usr/include'
pdfdir='${docdir}'
prefix='/usr/local'
program_transform_name='s,x,x,'
psdir='${docdir}'
runstatedir='${localstatedir}/run'
sbindir='${exec_prefix}/sbin'
sharedstatedir='${prefix}/com'
sysconfdir='${prefix}/etc'
target_alias=''

## ----------- ##
## confdefs.h. ##
## ----------- ##

/* confdefs.h */
#define PACKAGE_NAME "CPVEF"
#define PACKAGE_TARNAME "cpvef"
#define PACKAGE_VERSION "1.0"
#define PACKAGE_STRING "CPVEF 1.0"
#define PACKAGE_BUGREPORT "tukulkarni@utexas.edu"
#define PACKAGE_URL ""
#define PACKAGE "cpvef"
#define VERSION "1.0"
#define HAVE_LIBCUNIT 1
#define HAVE_LIBGSL 1
#define HAVE_LIBGSLCBLAS 1
#define HAVE_LIBM 1
#define STDC_HEADERS 1
#define HAVE_SYS_TYPES_H 1
#define HAVE_SYS_STAT_H 1
#define HAVE_STDLIB_H 1
#define HAVE_STRING_H 1
#define HAVE_MEMORY_H 1
#define HAVE_STRINGS_H 1
#define HAVE_INTTYPES_H 1
#define HAVE_STDINT_H 1
#define HAVE_UNISTD_H 1
#define HAVE_STDLIB_H 1
#define HAVE_STRING_H 1
#define HAVE_STRCASECMP 1

configure: exit 0
